<?xml version="1.0" encoding="UTF-8"?>
<!-- Generated by org.testng.reporters.JUnitReportReporter -->
<testsuite skipped="0" hostname="pjs-MacBook-Pro.home" name="Academy.AppTest" tests="1" failures="0" timestamp="2020-02-06T20:13:42 CST" time="0.015" errors="0">
  <testcase name="testApp" time="0.015" classname="Academy.AppTest"/>
</testsuite> <!-- Academy.AppTest -->
