<?xml version="1.0" encoding="UTF-8"?>
<!-- Generated by org.testng.reporters.JUnitReportReporter -->
<testsuite skipped="0" hostname="pjs-MacBook-Pro.attlocal.net" name="Academy.ValidateNavBar" tests="1" failures="0" timestamp="21 Jan 2020 20:00:04 GMT" time="0.101" errors="0">
  <testcase name="validateNav" time="0.101" classname="Academy.ValidateNavBar"/>
</testsuite> <!-- Academy.ValidateNavBar -->
