<?xml version="1.0" encoding="UTF-8"?>
<!-- Generated by org.testng.reporters.JUnitReportReporter -->
<testsuite skipped="0" hostname="pjs-MacBook-Pro.attlocal.net" name="Academy.AppTest" tests="1" failures="0" timestamp="21 Jan 2020 20:00:04 GMT" time="0.009" errors="0">
  <testcase name="testApp" time="0.009" classname="Academy.AppTest"/>
</testsuite> <!-- Academy.AppTest -->
